<?xml version="1.0" encoding="UTF-8"?>
<testsuite name="demo.CucumberTestSuite" tests="0" skipped="0" failures="0" errors="0" timestamp="1970-01-01T00:00:00" hostname="Andromeda.local" time="0.0">
  <properties/>
  <system-out><![CDATA[10:28:01.163 [Test worker] INFO  n.t.c.steps.ConsoleLoggingListener - 

-------------------------------------------------------------------------------------
     _______. _______ .______       _______ .__   __.  __  .___________.____    ____ 
    /       ||   ____||   _  \     |   ____||  \ |  | |  | |           |\   \  /   / 
   |   (----`|  |__   |  |_)  |    |  |__   |   \|  | |  | `---|  |----` \   \/   /  
    \   \    |   __|  |      /     |   __|  |  . `  | |  |     |  |       \_    _/   
.----)   |   |  |____ |  |\  \----.|  |____ |  |\   | |  |     |  |         |  |     
|_______/    |_______|| _| `._____||_______||__| \__| |__|     |__|         |__|    
                                                                                     
 News and tutorials at http://www.serenity-bdd.info                                  
 Documentation at https://wakaleo.gitbooks.io/the-serenity-book/content/             
 Join the Serenity Community on Rocket Chat at https://serenity-bdd.rocket.chat      
 Serenity BDD Support and Training at http://serenity-bdd.info/#/trainingandsupport  
 Learn Serenity BDD online at http://serenity-dojo.com                               
-------------------------------------------------------------------------------------

10:28:01.169 [Test worker] INFO  n.t.c.steps.ConsoleLoggingListener - Test Suite Started: A Broken Feature
10:28:01.189 [Test worker] INFO  n.t.c.steps.ConsoleLoggingListener - Test Suite Started: Make an online purchase
10:28:01.190 [Test worker] INFO  n.t.c.steps.ConsoleLoggingListener - Test Suite Started: Another ProDuct Feature
10:28:01.191 [Test worker] INFO  n.t.c.steps.ConsoleLoggingListener - Test Suite Started: Add ToDos
10:28:01.381 [Test worker] INFO  n.t.c.steps.ConsoleLoggingListener - 
        __    _____ _____ ____ _____   ____   _    ____  ____  _____ ____  
  _     \ \  |_   _| ____/ ___|_   _| |  _ \ / \  / ___|/ ___|| ____|  _ \ 
 (_)_____| |   | | |  _| \___ \ | |   | |_) / _ \ \___ \\___ \|  _| | | | |
  _|_____| |   | | | |___ ___) || |   |  __/ ___ \ ___) |___) | |___| |_| |
 (_)     | |   |_| |_____|____/ |_|   |_| /_/   \_\____/|____/|_____|____/ 
        /_/                                                                

TEST PASSED: A simple passing given-when-then scenario
----------------------------------------------------------------------------
10:28:01.387 [Test worker] INFO  n.t.c.steps.ConsoleLoggingListener - 
        __    _____ _____ ____ _____   ____   _    ____  ____  _____ ____  
  _     \ \  |_   _| ____/ ___|_   _| |  _ \ / \  / ___|/ ___|| ____|  _ \ 
 (_)_____| |   | | |  _| \___ \ | |   | |_) / _ \ \___ \\___ \|  _| | | | |
  _|_____| |   | | | |___ ___) || |   |  __/ ___ \ ___) |___) | |___| |_| |
 (_)     | |   |_| |_____|____/ |_|   |_| /_/   \_\____/|____/|_____|____/ 
        /_/                                                                

TEST PASSED: A simple given-when-then scenario with bullet points
----------------------------------------------------------------------------
10:28:01.410 [Test worker] ERROR n.t.c.steps.ConsoleLoggingListener - 
           __  _____ _____ ____ _____   _____ _    ___ _     _____ ____  
  _       / / |_   _| ____/ ___|_   _| |  ___/ \  |_ _| |   | ____|  _ \ 
 (_)_____| |    | | |  _| \___ \ | |   | |_ / _ \  | || |   |  _| | | | |
  _|_____| |    | | | |___ ___) || |   |  _/ ___ \ | || |___| |___| |_| |
 (_)     | |    |_| |_____|____/ |_|   |_|/_/   \_\___|_____|_____|____/ 
          \_\                                                            

TEST FAILED: A failing manual scenario
--------------------------------------------------------------------------
10:28:01.424 [Test worker] ERROR n.t.c.steps.ConsoleLoggingListener - 
           __  _____ _____ ____ _____   _____ _    ___ _     _____ ____  
  _       / / |_   _| ____/ ___|_   _| |  ___/ \  |_ _| |   | ____|  _ \ 
 (_)_____| |    | | |  _| \___ \ | |   | |_ / _ \  | || |   |  _| | | | |
  _|_____| |    | | | |___ ___) || |   |  _/ ___ \ | || |___| |___| |_| |
 (_)     | |    |_| |_____|____/ |_|   |_|/_/   \_\___|_____|_____|____/ 
          \_\                                                            

TEST FAILED: A failing given-when-then scenario
--------------------------------------------------------------------------
10:28:01.481 [Test worker] ERROR n.t.c.steps.ConsoleLoggingListener - TEST FAILED AT STEP When something bad happens
10:28:01.481 [Test worker] ERROR n.t.c.steps.ConsoleLoggingListener - Excluded lists do not match...Expected:[...]Actual: [...]
10:28:01.491 [Test worker] ERROR n.t.c.steps.ConsoleLoggingListener - 
           __  _____ _____ ____ _____   _____ _    ___ _     _____ ____  
  _       / / |_   _| ____/ ___|_   _| |  ___/ \  |_ _| |   | ____|  _ \ 
 (_)_____| |    | | |  _| \___ \ | |   | |_ / _ \  | || |   |  _| | | | |
  _|_____| |    | | | |___ ___) || |   |  _/ ___ \ | || |___| |___| |_| |
 (_)     | |    |_| |_____|____/ |_|   |_|/_/   \_\___|_____|_____|____/ 
          \_\                                                            

TEST FAILED WITH ERROR: A broken given-when-then scenario
---------------------------------------------------------------------
10:28:01.492 [Test worker] ERROR n.t.c.steps.ConsoleLoggingListener - TEST FAILED AT STEP When something unexpected happens
10:28:01.492 [Test worker] ERROR n.t.c.steps.ConsoleLoggingListener - 
10:28:01.498 [Test worker] INFO  n.t.c.steps.ConsoleLoggingListener - 
        __    _____ _____ ____ _____   ____   _    ____  ____  _____ ____  
  _     \ \  |_   _| ____/ ___|_   _| |  _ \ / \  / ___|/ ___|| ____|  _ \ 
 (_)_____| |   | | |  _| \___ \ | |   | |_) / _ \ \___ \\___ \|  _| | | | |
  _|_____| |   | | | |___ ___) || |   |  __/ ___ \ ___) |___) | |___| |_| |
 (_)     | |   |_| |_____|____/ |_|   |_| /_/   \_\____/|____/|_____|____/ 
        /_/                                                                

TEST PASSED: A scenario with an embedded table
----------------------------------------------------------------------------
10:28:01.547 [Test worker] INFO  n.t.c.steps.ConsoleLoggingListener - 
        __    _____ _____ ____ _____   ____   _    ____  ____  _____ ____  
  _     \ \  |_   _| ____/ ___|_   _| |  _ \ / \  / ___|/ ___|| ____|  _ \ 
 (_)_____| |   | | |  _| \___ \ | |   | |_) / _ \ \___ \\___ \|  _| | | | |
  _|_____| |   | | | |___ ___) || |   |  __/ ___ \ ___) |___) | |___| |_| |
 (_)     | |   |_| |_____|____/ |_|   |_| /_/   \_\____/|____/|_____|____/ 
        /_/                                                                

TEST PASSED: A broken scenario outline
----------------------------------------------------------------------------
10:28:01.559 [Test worker] ERROR n.t.c.steps.ConsoleLoggingListener - 
           __  _____ _____ ____ _____   _____ _    ___ _     _____ ____  
  _       / / |_   _| ____/ ___|_   _| |  ___/ \  |_ _| |   | ____|  _ \ 
 (_)_____| |    | | |  _| \___ \ | |   | |_ / _ \  | || |   |  _| | | | |
  _|_____| |    | | | |___ ___) || |   |  _/ ___ \ | || |___| |___| |_| |
 (_)     | |    |_| |_____|____/ |_|   |_|/_/   \_\___|_____|_____|____/ 
          \_\                                                            

TEST FAILED: A broken scenario outline
--------------------------------------------------------------------------
10:28:01.559 [Test worker] ERROR n.t.c.steps.ConsoleLoggingListener - TEST FAILED AT STEP Then I should be charged -10
10:28:01.560 [Test worker] ERROR n.t.c.steps.ConsoleLoggingListener - Expecting: <-10>to be greater than: <0>
10:28:01.564 [Test worker] ERROR n.t.c.steps.ConsoleLoggingListener - 
           __  _____ _____ ____ _____   _____ _    ___ _     _____ ____  
  _       / / |_   _| ____/ ___|_   _| |  ___/ \  |_ _| |   | ____|  _ \ 
 (_)_____| |    | | |  _| \___ \ | |   | |_ / _ \  | || |   |  _| | | | |
  _|_____| |    | | | |___ ___) || |   |  _/ ___ \ | || |___| |___| |_| |
 (_)     | |    |_| |_____|____/ |_|   |_|/_/   \_\___|_____|_____|____/ 
          \_\                                                            

TEST FAILED: A broken scenario outline
--------------------------------------------------------------------------
10:28:01.564 [Test worker] ERROR n.t.c.steps.ConsoleLoggingListener - TEST FAILED AT STEP Then I should be charged -10
10:28:01.565 [Test worker] ERROR n.t.c.steps.ConsoleLoggingListener - Expecting: <-10>to be greater than: <0>
10:28:01.587 [Test worker] ERROR n.t.c.steps.ConsoleLoggingListener - 
         __  _____ _____ ____ _____ 
 _      / / |_   _| ____/ ___|_   _|
(_)____| |    | | |  _| \___ \ | |  
 |_____| |    | | | |___ ___) || |  
(_)    | |    |_| |_____|____/ |_|  
        \_\                         
  ____ ___  __  __ ____  ____   ___  __  __ ___ ____  _____ ____  
 / ___/ _ \|  \/  |  _ \|  _ \ / _ \|  \/  |_ _/ ___|| ____|  _ \ 
| |  | | | | |\/| | |_) | |_) | | | | |\/| || |\___ \|  _| | | | |
| |__| |_| | |  | |  __/|  _ <| |_| | |  | || | ___) | |___| |_| |
 \____\___/|_|  |_|_|   |_| \_\\___/|_|  |_|___|____/|_____|____/

TEST COMPROMISED: A scenario with a broken precondition
-------------------------------------
10:28:01.587 [Test worker] ERROR n.t.c.steps.ConsoleLoggingListener - Unknown colour
10:28:01.591 [Test worker] ERROR n.t.c.steps.ConsoleLoggingListener - 
         __  _____ _____ ____ _____ 
 _      / / |_   _| ____/ ___|_   _|
(_)____| |    | | |  _| \___ \ | |  
 |_____| |    | | | |___ ___) || |  
(_)    | |    |_| |_____|____/ |_|  
        \_\                         
  ____ ___  __  __ ____  ____   ___  __  __ ___ ____  _____ ____  
 / ___/ _ \|  \/  |  _ \|  _ \ / _ \|  \/  |_ _/ ___|| ____|  _ \ 
| |  | | | | |\/| | |_) | |_) | | | | |\/| || |\___ \|  _| | | | |
| |__| |_| | |  | |  __/|  _ <| |_| | |  | || | ___) | |___| |_| |
 \____\___/|_|  |_|_|   |_| \_\\___/|_|  |_|___|____/|_____|____/

TEST COMPROMISED: A scenario with a broken precondition
-------------------------------------
10:28:01.592 [Test worker] ERROR n.t.c.steps.ConsoleLoggingListener - Unknown colour
10:28:01.596 [Test worker] ERROR n.t.c.steps.ConsoleLoggingListener - 
         __  _____ _____ ____ _____ 
 _      / / |_   _| ____/ ___|_   _|
(_)____| |    | | |  _| \___ \ | |  
 |_____| |    | | | |___ ___) || |  
(_)    | |    |_| |_____|____/ |_|  
        \_\                         
  ____ ___  __  __ ____  ____   ___  __  __ ___ ____  _____ ____  
 / ___/ _ \|  \/  |  _ \|  _ \ / _ \|  \/  |_ _/ ___|| ____|  _ \ 
| |  | | | | |\/| | |_) | |_) | | | | |\/| || |\___ \|  _| | | | |
| |__| |_| | |  | |  __/|  _ <| |_| | |  | || | ___) | |___| |_| |
 \____\___/|_|  |_|_|   |_| \_\\___/|_|  |_|___|____/|_____|____/

TEST COMPROMISED: A scenario with a broken precondition
-------------------------------------
10:28:01.596 [Test worker] ERROR n.t.c.steps.ConsoleLoggingListener - Unknown colour
10:28:01.610 [Test worker] INFO  n.t.c.steps.ConsoleLoggingListener - 
        __    _____ _____ ____ _____   ____   _    ____  ____  _____ ____  
  _     \ \  |_   _| ____/ ___|_   _| |  _ \ / \  / ___|/ ___|| ____|  _ \ 
 (_)_____| |   | | |  _| \___ \ | |   | |_) / _ \ \___ \\___ \|  _| | | | |
  _|_____| |   | | | |___ ___) || |   |  __/ ___ \ ___) |___) | |___| |_| |
 (_)     | |   |_| |_____|____/ |_|   |_| /_/   \_\____/|____/|_____|____/ 
        /_/                                                                

TEST PASSED: A simple given-when-then scenario
----------------------------------------------------------------------------
10:28:01.615 [Test worker] INFO  n.t.c.steps.ConsoleLoggingListener - 
        __    _____ _____ ____ _____   ____   _    ____  ____  _____ ____  
  _     \ \  |_   _| ____/ ___|_   _| |  _ \ / \  / ___|/ ___|| ____|  _ \ 
 (_)_____| |   | | |  _| \___ \ | |   | |_) / _ \ \___ \\___ \|  _| | | | |
  _|_____| |   | | | |___ ___) || |   |  __/ ___ \ ___) |___) | |___| |_| |
 (_)     | |   |_| |_____|____/ |_|   |_| /_/   \_\____/|____/|_____|____/ 
        /_/                                                                

TEST PASSED: Another given-when-then scenario
----------------------------------------------------------------------------
10:28:01.620 [Test worker] INFO  n.t.c.steps.ConsoleLoggingListener - 
        __    _____ _____ ____ _____   ____   _    ____  ____  _____ ____  
  _     \ \  |_   _| ____/ ___|_   _| |  _ \ / \  / ___|/ ___|| ____|  _ \ 
 (_)_____| |   | | |  _| \___ \ | |   | |_) / _ \ \___ \\___ \|  _| | | | |
  _|_____| |   | | | |___ ___) || |   |  __/ ___ \ ___) |___) | |___| |_| |
 (_)     | |   |_| |_____|____/ |_|   |_| /_/   \_\____/|____/|_____|____/ 
        /_/                                                                

TEST PASSED: Invoice details should be downloadable as a PDF file
----------------------------------------------------------------------------
10:28:01.625 [Test worker] ERROR n.t.c.steps.ConsoleLoggingListener - 
           __  _____ _____ ____ _____   _____ _    ___ _     _____ ____  
  _       / / |_   _| ____/ ___|_   _| |  ___/ \  |_ _| |   | ____|  _ \ 
 (_)_____| |    | | |  _| \___ \ | |   | |_ / _ \  | || |   |  _| | | | |
  _|_____| |    | | | |___ ___) || |   |  _/ ___ \ | || |___| |___| |_| |
 (_)     | |    |_| |_____|____/ |_|   |_|/_/   \_\___|_____|_____|____/ 
          \_\                                                            

TEST FAILED: Invoice details should be downloadable as an Excel file
--------------------------------------------------------------------------
10:28:01.630 [Test worker] INFO  n.t.c.steps.ConsoleLoggingListener - 
          __  _____ _____ ____ _____   ____  _____ _   _ ____ ___ _   _  ____ 
 _       / / |_   _| ____/ ___|_   _| |  _ \| ____| \ | |  _ \_ _| \ | |/ ___|
(_)____ / /    | | |  _| \___ \ | |   | |_) |  _| |  \| | | | | ||  \| | |  _ 
 |_____/ /     | | | |___ ___) || |   |  __/| |___| |\  | |_| | || |\  | |_| |
(_)   /_/      |_| |_____|____/ |_|   |_|   |_____|_| \_|____/___|_| \_|\____|
                                                                                

TEST PENDING: A pending manual scenario
---------------------------------------------------------------------------------
10:28:01.635 [Test worker] INFO  n.t.c.steps.ConsoleLoggingListener - 
        __    _____ _____ ____ _____   ____   _    ____  ____  _____ ____  
  _     \ \  |_   _| ____/ ___|_   _| |  _ \ / \  / ___|/ ___|| ____|  _ \ 
 (_)_____| |   | | |  _| \___ \ | |   | |_) / _ \ \___ \\___ \|  _| | | | |
  _|_____| |   | | | |___ ___) || |   |  __/ ___ \ ___) |___) | |___| |_| |
 (_)     | |   |_| |_____|____/ |_|   |_| /_/   \_\____/|____/|_____|____/ 
        /_/                                                                

TEST PASSED: A scenario with an embedded table
----------------------------------------------------------------------------
10:28:01.640 [Test worker] INFO  n.t.c.steps.ConsoleLoggingListener - 
        __    _____ _____ ____ _____   ____   _    ____  ____  _____ ____  
  _     \ \  |_   _| ____/ ___|_   _| |  _ \ / \  / ___|/ ___|| ____|  _ \ 
 (_)_____| |   | | |  _| \___ \ | |   | |_) / _ \ \___ \\___ \|  _| | | | |
  _|_____| |   | | | |___ ___) || |   |  __/ ___ \ ___) |___) | |___| |_| |
 (_)     | |   |_| |_____|____/ |_|   |_| /_/   \_\____/|____/|_____|____/ 
        /_/                                                                

TEST PASSED: A scenario outline
----------------------------------------------------------------------------
10:28:01.642 [Test worker] INFO  n.t.c.steps.ConsoleLoggingListener - 
        __    _____ _____ ____ _____   ____   _    ____  ____  _____ ____  
  _     \ \  |_   _| ____/ ___|_   _| |  _ \ / \  / ___|/ ___|| ____|  _ \ 
 (_)_____| |   | | |  _| \___ \ | |   | |_) / _ \ \___ \\___ \|  _| | | | |
  _|_____| |   | | | |___ ___) || |   |  __/ ___ \ ___) |___) | |___| |_| |
 (_)     | |   |_| |_____|____/ |_|   |_| /_/   \_\____/|____/|_____|____/ 
        /_/                                                                

TEST PASSED: A scenario outline
----------------------------------------------------------------------------
10:28:01.645 [Test worker] INFO  n.t.c.steps.ConsoleLoggingListener - 
        __    _____ _____ ____ _____   ____   _    ____  ____  _____ ____  
  _     \ \  |_   _| ____/ ___|_   _| |  _ \ / \  / ___|/ ___|| ____|  _ \ 
 (_)_____| |   | | |  _| \___ \ | |   | |_) / _ \ \___ \\___ \|  _| | | | |
  _|_____| |   | | | |___ ___) || |   |  __/ ___ \ ___) |___) | |___| |_| |
 (_)     | |   |_| |_____|____/ |_|   |_| /_/   \_\____/|____/|_____|____/ 
        /_/                                                                

TEST PASSED: A scenario outline
----------------------------------------------------------------------------
10:28:01.650 [Test worker] INFO  n.t.c.steps.ConsoleLoggingListener - 
        __    _____ _____ ____ _____   ____   _    ____  ____  _____ ____  
  _     \ \  |_   _| ____/ ___|_   _| |  _ \ / \  / ___|/ ___|| ____|  _ \ 
 (_)_____| |   | | |  _| \___ \ | |   | |_) / _ \ \___ \\___ \|  _| | | | |
  _|_____| |   | | | |___ ___) || |   |  __/ ___ \ ___) |___) | |___| |_| |
 (_)     | |   |_| |_____|____/ |_|   |_| /_/   \_\____/|____/|_____|____/ 
        /_/                                                                

TEST PASSED: Another simple given-when-then scenario
----------------------------------------------------------------------------
10:28:01.654 [Test worker] INFO  n.t.c.steps.ConsoleLoggingListener - 
        __    _____ _____ ____ _____   ____   _    ____  ____  _____ ____  
  _     \ \  |_   _| ____/ ___|_   _| |  _ \ / \  / ___|/ ___|| ____|  _ \ 
 (_)_____| |   | | |  _| \___ \ | |   | |_) / _ \ \___ \\___ \|  _| | | | |
  _|_____| |   | | | |___ ___) || |   |  __/ ___ \ ___) |___) | |___| |_| |
 (_)     | |   |_| |_____|____/ |_|   |_| /_/   \_\____/|____/|_____|____/ 
        /_/                                                                

TEST PASSED: And yet another given-when-then scenario
----------------------------------------------------------------------------
10:28:01.659 [Test worker] INFO  n.t.c.steps.ConsoleLoggingListener - 
        __    _____ _____ ____ _____   ____   _    ____  ____  _____ ____  
  _     \ \  |_   _| ____/ ___|_   _| |  _ \ / \  / ___|/ ___|| ____|  _ \ 
 (_)_____| |   | | |  _| \___ \ | |   | |_) / _ \ \___ \\___ \|  _| | | | |
  _|_____| |   | | | |___ ___) || |   |  __/ ___ \ ___) |___) | |___| |_| |
 (_)     | |   |_| |_____|____/ |_|   |_| /_/   \_\____/|____/|_____|____/ 
        /_/                                                                

TEST PASSED: Adding an item to an empty list
----------------------------------------------------------------------------
10:28:01.666 [Test worker] INFO  n.t.c.steps.ConsoleLoggingListener - 
        __    _____ _____ ____ _____   ____   _    ____  ____  _____ ____  
  _     \ \  |_   _| ____/ ___|_   _| |  _ \ / \  / ___|/ ___|| ____|  _ \ 
 (_)_____| |   | | |  _| \___ \ | |   | |_) / _ \ \___ \\___ \|  _| | | | |
  _|_____| |   | | | |___ ___) || |   |  __/ ___ \ ___) |___) | |___| |_| |
 (_)     | |   |_| |_____|____/ |_|   |_| /_/   \_\____/|____/|_____|____/ 
        /_/                                                                

TEST PASSED: Adding an item to a list with other items
----------------------------------------------------------------------------
Feature: A Broken Feature
  Features can be described by a short text like this one.
  You can put *markdown* for _emphasis_ if you like.

  Scenario: A simple passing given-when-then scenario ?[90m# features/a_component_or_smaller_capability/a_broken_feature.feature:6?[0m
    ?[32mGiven ?[0m?[32msome precondition?[0m                           ?[90m# DemoStepDefinitions.some_precondition()?[0m
    ?[32mWhen ?[0m?[32msomething happens?[0m                            ?[90m# DemoStepDefinitions.something_happens()?[0m
    ?[32mThen ?[0m?[32ma specific outcome should occur?[0m              ?[90m# DemoStepDefinitions.a_specific_outcome_should_occur()?[0m

  Scenario: A simple given-when-then scenario with bullet points ?[90m# features/a_component_or_smaller_capability/a_broken_feature.feature:11?[0m
    ?[32m* ?[0m?[32msome precondition?[0m                                          ?[90m# DemoStepDefinitions.some_precondition()?[0m
    ?[32m* ?[0m?[32msomething happens?[0m                                          ?[90m# DemoStepDefinitions.something_happens()?[0m
    ?[32m* ?[0m?[32ma specific outcome should occur?[0m                            ?[90m# DemoStepDefinitions.a_specific_outcome_should_occur()?[0m

  @manual:failed @last-tested-version:1.2.3 @last-tested:20-01-2018:15:19
  Scenario: A failing manual scenario      ?[90m# features/a_component_or_smaller_capability/a_broken_feature.feature:19?[0m
    ?[33mGiven ?[0m?[33msome pending step?[0m                ?[90m# null?[0m
    ?[33mWhen ?[0m?[33msome other pending step happens?[0m   ?[90m# null?[0m
    ?[33mThen ?[0m?[33msome pending outcome should occur?[0m ?[90m# null?[0m

  Scenario: A failing given-when-then scenario ?[90m# features/a_component_or_smaller_capability/a_broken_feature.feature:24?[0m
    ?[32mGiven ?[0m?[32msome other precondition?[0m              ?[90m# DemoStepDefinitions.some_other_precondition()?[0m
    ?[31mWhen ?[0m?[31msomething bad happens?[0m                 ?[90m# DemoStepDefinitions.something_bad_happens()?[0m
      ?[31mjava.lang.AssertionError: Excluded lists do not match...
Expected:[...]
Actual: [...]
	at org.junit.Assert.fail(Assert.java:88)
	at org.junit.Assert.assertTrue(Assert.java:41)
	at demo.stepdefinitions.DemoStepDefinitions.something_bad_happens(DemoStepDefinitions.java:28)
	at ✽.something bad happens(features/a_component_or_smaller_capability/a_broken_feature.feature:26)
?[0m
    ?[36mThen ?[0m?[36ma different outcome should occur?[0m      ?[90m# DemoStepDefinitions.a_different_outcome_should_occur()?[0m

  Scenario: A broken given-when-then scenario ?[90m# features/a_component_or_smaller_capability/a_broken_feature.feature:29?[0m
    ?[32mGiven ?[0m?[32msome other precondition?[0m             ?[90m# DemoStepDefinitions.some_other_precondition()?[0m
    ?[31mWhen ?[0m?[31msomething unexpected happens?[0m         ?[90m# DemoStepDefinitions.something_unexpected_happens()?[0m
      ?[31mjava.lang.NullPointerException
	at demo.stepdefinitions.DemoStepDefinitions.something_unexpected_happens(DemoStepDefinitions.java:35)
	at ✽.something unexpected happens(features/a_component_or_smaller_capability/a_broken_feature.feature:31)
?[0m
    ?[36mThen ?[0m?[36ma different outcome should occur?[0m     ?[90m# DemoStepDefinitions.a_different_outcome_should_occur()?[0m

  Scenario: A scenario with an embedded table ?[90m# features/a_component_or_smaller_capability/a_broken_feature.feature:34?[0m
    ?[32mGiven ?[0m?[32ma palette with these values:?[0m        ?[90m# DemoStepDefinitions.a_palette_with_these_values(DataTable)?[0m
    ?[32mWhen ?[0m?[32mI choose to paint in Crimson?[0m         ?[90m# DemoStepDefinitions.i_choose_to_paint_in_Crimson()?[0m
    ?[32mThen ?[0m?[32mthings should be colored in Red?[0m      ?[90m# DemoStepDefinitions.things_should_be_colored_in_Red()?[0m

  Scenario Outline: A broken scenario outline ?[90m# features/a_component_or_smaller_capability/a_broken_feature.feature:43?[0m
    ?[36mGiven I add a <Color> paint to my shopping cart?[0m
    ?[36mWhen I check out?[0m
    ?[36mThen I should be charged <Cost>?[0m

    Examples: 

  Scenario Outline: A broken scenario outline       ?[90m# features/a_component_or_smaller_capability/a_broken_feature.feature:49?[0m
    ?[32mGiven ?[0m?[32mI add a ?[0m?[32m?[1mCrimson?[0m?[32m paint to my shopping cart?[0m ?[90m# DemoStepDefinitions.i_add_a_paint_to_my_shopping_cart(String)?[0m
    ?[32mWhen ?[0m?[32mI check out?[0m                                ?[90m# DemoStepDefinitions.i_check_out()?[0m
    ?[32mThen ?[0m?[32mI should be charged ?[0m?[32m?[1m10?[0m                     ?[90m# DemoStepDefinitions.i_should_be_charged(Integer)?[0m

  Scenario Outline: A broken scenario outline    ?[90m# features/a_component_or_smaller_capability/a_broken_feature.feature:50?[0m
    ?[32mGiven ?[0m?[32mI add a ?[0m?[32m?[1mCyan?[0m?[32m paint to my shopping cart?[0m ?[90m# DemoStepDefinitions.i_add_a_paint_to_my_shopping_cart(String)?[0m
    ?[32mWhen ?[0m?[32mI check out?[0m                             ?[90m# DemoStepDefinitions.i_check_out()?[0m
    ?[31mThen ?[0m?[31mI should be charged ?[0m?[31m?[1m-10?[0m                 ?[90m# DemoStepDefinitions.i_should_be_charged(Integer)?[0m
      ?[31mjava.lang.AssertionError: 
Expecting:
 <-10>
to be greater than:
 <0> 
	at demo.stepdefinitions.DemoStepDefinitions.i_should_be_charged(DemoStepDefinitions.java:75)
	at ✽.I should be charged -10(features/a_component_or_smaller_capability/a_broken_feature.feature:46)
?[0m

  Scenario Outline: A broken scenario outline       ?[90m# features/a_component_or_smaller_capability/a_broken_feature.feature:51?[0m
    ?[32mGiven ?[0m?[32mI add a ?[0m?[32m?[1mEmerald?[0m?[32m paint to my shopping cart?[0m ?[90m# DemoStepDefinitions.i_add_a_paint_to_my_shopping_cart(String)?[0m
    ?[32mWhen ?[0m?[32mI check out?[0m                                ?[90m# DemoStepDefinitions.i_check_out()?[0m
    ?[32mThen ?[0m?[32mI should be charged ?[0m?[32m?[1m20?[0m                     ?[90m# DemoStepDefinitions.i_should_be_charged(Integer)?[0m

  Scenario Outline: A broken scenario outline    ?[90m# features/a_component_or_smaller_capability/a_broken_feature.feature:52?[0m
    ?[32mGiven ?[0m?[32mI add a ?[0m?[32m?[1mBlue?[0m?[32m paint to my shopping cart?[0m ?[90m# DemoStepDefinitions.i_add_a_paint_to_my_shopping_cart(String)?[0m
    ?[32mWhen ?[0m?[32mI check out?[0m                             ?[90m# DemoStepDefinitions.i_check_out()?[0m
    ?[31mThen ?[0m?[31mI should be charged ?[0m?[31m?[1m-30?[0m                 ?[90m# DemoStepDefinitions.i_should_be_charged(Integer)?[0m
      ?[31mjava.lang.AssertionError: 
Expecting:
 <-30>
to be greater than:
 <0> 
	at demo.stepdefinitions.DemoStepDefinitions.i_should_be_charged(DemoStepDefinitions.java:75)
	at ✽.I should be charged -30(features/a_component_or_smaller_capability/a_broken_feature.feature:46)
?[0m

  Scenario Outline: A scenario with a broken precondition ?[90m# features/a_component_or_smaller_capability/a_broken_feature.feature:54?[0m
    ?[36mGiven I add a <Color> paint to my shopping cart?[0m
    ?[36mWhen I check out?[0m
    ?[36mThen I should be charged <Cost>?[0m

    Examples: 

  Scenario Outline: A scenario with a broken precondition ?[90m# features/a_component_or_smaller_capability/a_broken_feature.feature:60?[0m
    ?[31mGiven ?[0m?[31mI add a ?[0m?[31m?[1mUnknown?[0m?[31m paint to my shopping cart?[0m       ?[90m# DemoStepDefinitions.i_add_a_paint_to_my_shopping_cart(String)?[0m
      ?[31mnet.serenitybdd.core.exceptions.TestCompromisedException: Unknown colour
	at demo.stepdefinitions.DemoStepDefinitions.i_add_a_paint_to_my_shopping_cart(DemoStepDefinitions.java:65)
	at ✽.I add a Unknown paint to my shopping cart(features/a_component_or_smaller_capability/a_broken_feature.feature:55)
?[0m
    ?[36mWhen ?[0m?[36mI check out?[0m                                      ?[90m# DemoStepDefinitions.i_check_out()?[0m
    ?[36mThen ?[0m?[36mI should be charged ?[0m?[36m?[1m10?[0m                           ?[90m# DemoStepDefinitions.i_should_be_charged(Integer)?[0m

  Scenario Outline: A scenario with a broken precondition ?[90m# features/a_component_or_smaller_capability/a_broken_feature.feature:61?[0m
    ?[32mGiven ?[0m?[32mI add a ?[0m?[32m?[1mCyan?[0m?[32m paint to my shopping cart?[0m          ?[90m# DemoStepDefinitions.i_add_a_paint_to_my_shopping_cart(String)?[0m
    ?[32mWhen ?[0m?[32mI check out?[0m                                      ?[90m# DemoStepDefinitions.i_check_out()?[0m
    ?[32mThen ?[0m?[32mI should be charged ?[0m?[32m?[1m15?[0m                           ?[90m# DemoStepDefinitions.i_should_be_charged(Integer)?[0m

  Scenario Outline: A scenario with a broken precondition ?[90m# features/a_component_or_smaller_capability/a_broken_feature.feature:62?[0m
    ?[32mGiven ?[0m?[32mI add a ?[0m?[32m?[1mEmerald?[0m?[32m paint to my shopping cart?[0m       ?[90m# DemoStepDefinitions.i_add_a_paint_to_my_shopping_cart(String)?[0m
    ?[32mWhen ?[0m?[32mI check out?[0m                                      ?[90m# DemoStepDefinitions.i_check_out()?[0m
    ?[32mThen ?[0m?[32mI should be charged ?[0m?[32m?[1m20?[0m                           ?[90m# DemoStepDefinitions.i_should_be_charged(Integer)?[0m

  Scenario Outline: A scenario with a broken precondition ?[90m# features/a_component_or_smaller_capability/a_broken_feature.feature:63?[0m
    ?[31mGiven ?[0m?[31mI add a ?[0m?[31m?[1munknown?[0m?[31m paint to my shopping cart?[0m       ?[90m# DemoStepDefinitions.i_add_a_paint_to_my_shopping_cart(String)?[0m
      ?[31mnet.serenitybdd.core.exceptions.TestCompromisedException: Unknown colour
	at demo.stepdefinitions.DemoStepDefinitions.i_add_a_paint_to_my_shopping_cart(DemoStepDefinitions.java:65)
	at ✽.I add a unknown paint to my shopping cart(features/a_component_or_smaller_capability/a_broken_feature.feature:55)
?[0m
    ?[36mWhen ?[0m?[36mI check out?[0m                                      ?[90m# DemoStepDefinitions.i_check_out()?[0m
    ?[36mThen ?[0m?[36mI should be charged ?[0m?[36m?[1m20?[0m                           ?[90m# DemoStepDefinitions.i_should_be_charged(Integer)?[0m

Feature: Make an online purchase
  As a customer
  I want to purchase my things online
  So that I don't have to go to the shop

  Scenario: A simple given-when-then scenario ?[90m# features/a_component_or_smaller_capability/make_an_online_purchase.feature:7?[0m
    ?[32mGiven ?[0m?[32msome precondition?[0m                   ?[90m# DemoStepDefinitions.some_precondition()?[0m
    ?[32mWhen ?[0m?[32msomething happens?[0m                    ?[90m# DemoStepDefinitions.something_happens()?[0m
    ?[32mThen ?[0m?[32ma specific outcome should occur?[0m      ?[90m# DemoStepDefinitions.a_specific_outcome_should_occur()?[0m

  Scenario: Another given-when-then scenario ?[90m# features/a_component_or_smaller_capability/make_an_online_purchase.feature:12?[0m
    ?[32mGiven ?[0m?[32msome other precondition?[0m            ?[90m# DemoStepDefinitions.some_other_precondition()?[0m
    ?[32mWhen ?[0m?[32msomething happens?[0m                   ?[90m# DemoStepDefinitions.something_happens()?[0m
    ?[32mThen ?[0m?[32ma different outcome should occur?[0m    ?[90m# DemoStepDefinitions.a_different_outcome_should_occur()?[0m

  @manual:passed @last-version-tested:1.0.1
  Scenario: Invoice details should be downloadable as a PDF file  ?[90m# features/a_component_or_smaller_capability/make_an_online_purchase.feature:20?[0m
    The layout and content of the PDF file should be verified
    ?[33mGiven ?[0m?[33mClive has made a purchase?[0m                               ?[90m# null?[0m
    ?[33mWhen ?[0m?[33mhe reviews his past orders?[0m                               ?[90m# null?[0m
    ?[33mThen ?[0m?[33mhe should be able to download his invoice as an PDF file?[0m ?[90m# null?[0m

  @manual:failed
  Scenario: Invoice details should be downloadable as an Excel file ?[90m# features/a_component_or_smaller_capability/make_an_online_purchase.feature:28?[0m
  The layout and content of the Excel file should be verified
    ?[33mGiven ?[0m?[33mClive has made a purchase?[0m                                 ?[90m# null?[0m
    ?[33mWhen ?[0m?[33mhe reviews his past orders?[0m                                 ?[90m# null?[0m
    ?[33mThen ?[0m?[33mhe should be able to download his invoice as an Excel file?[0m ?[90m# null?[0m

  @manual
  Scenario: A pending manual scenario      ?[90m# features/a_component_or_smaller_capability/make_an_online_purchase.feature:36?[0m
    ?[33mGiven ?[0m?[33msome pending step?[0m                ?[90m# null?[0m
    ?[33mWhen ?[0m?[33msome other pending step happens?[0m   ?[90m# null?[0m
    ?[33mThen ?[0m?[33msome pending outcome should occur?[0m ?[90m# null?[0m

  Scenario: A scenario with an embedded table ?[90m# features/a_component_or_smaller_capability/make_an_online_purchase.feature:41?[0m
    ?[32mGiven ?[0m?[32ma palette with these values:?[0m        ?[90m# DemoStepDefinitions.a_palette_with_these_values(DataTable)?[0m
    ?[32mWhen ?[0m?[32mI choose to paint in Crimson?[0m         ?[90m# DemoStepDefinitions.i_choose_to_paint_in_Crimson()?[0m
    ?[32mThen ?[0m?[32mthings should be colored in Red?[0m      ?[90m# DemoStepDefinitions.things_should_be_colored_in_Red()?[0m

  Scenario Outline: A scenario outline ?[90m# features/a_component_or_smaller_capability/make_an_online_purchase.feature:50?[0m
    ?[36mGiven I add a <Color> paint to my shopping cart?[0m
    ?[36mWhen I check out?[0m
    ?[36mThen I should be charged <Cost>?[0m

    Examples: 

  Scenario Outline: A scenario outline              ?[90m# features/a_component_or_smaller_capability/make_an_online_purchase.feature:56?[0m
    ?[32mGiven ?[0m?[32mI add a ?[0m?[32m?[1mCrimson?[0m?[32m paint to my shopping cart?[0m ?[90m# DemoStepDefinitions.i_add_a_paint_to_my_shopping_cart(String)?[0m
    ?[32mWhen ?[0m?[32mI check out?[0m                                ?[90m# DemoStepDefinitions.i_check_out()?[0m
    ?[32mThen ?[0m?[32mI should be charged ?[0m?[32m?[1m10?[0m                     ?[90m# DemoStepDefinitions.i_should_be_charged(Integer)?[0m

  Scenario Outline: A scenario outline           ?[90m# features/a_component_or_smaller_capability/make_an_online_purchase.feature:57?[0m
    ?[32mGiven ?[0m?[32mI add a ?[0m?[32m?[1mCyan?[0m?[32m paint to my shopping cart?[0m ?[90m# DemoStepDefinitions.i_add_a_paint_to_my_shopping_cart(String)?[0m
    ?[32mWhen ?[0m?[32mI check out?[0m                             ?[90m# DemoStepDefinitions.i_check_out()?[0m
    ?[32mThen ?[0m?[32mI should be charged ?[0m?[32m?[1m15?[0m                  ?[90m# DemoStepDefinitions.i_should_be_charged(Integer)?[0m

  Scenario Outline: A scenario outline              ?[90m# features/a_component_or_smaller_capability/make_an_online_purchase.feature:58?[0m
    ?[32mGiven ?[0m?[32mI add a ?[0m?[32m?[1mEmerald?[0m?[32m paint to my shopping cart?[0m ?[90m# DemoStepDefinitions.i_add_a_paint_to_my_shopping_cart(String)?[0m
    ?[32mWhen ?[0m?[32mI check out?[0m                                ?[90m# DemoStepDefinitions.i_check_out()?[0m
    ?[32mThen ?[0m?[32mI should be charged ?[0m?[32m?[1m20?[0m                     ?[90m# DemoStepDefinitions.i_should_be_charged(Integer)?[0m

Feature: Another ProDuct Feature
  Features can be described by a short text like this one.
  You can put *markdown* for _emphasis_ if you like.

  Scenario: Another simple given-when-then scenario ?[90m# features/another_high_level_capability/a_nested_capability/another_product_feature.feature:6?[0m
    ?[32mGiven ?[0m?[32msome precondition?[0m                         ?[90m# DemoStepDefinitions.some_precondition()?[0m
    ?[32mWhen ?[0m?[32msomething happens?[0m                          ?[90m# DemoStepDefinitions.something_happens()?[0m
    ?[32mThen ?[0m?[32ma specific outcome should occur?[0m            ?[90m# DemoStepDefinitions.a_specific_outcome_should_occur()?[0m

  Scenario: And yet another given-when-then scenario ?[90m# features/another_high_level_capability/a_nested_capability/another_product_feature.feature:11?[0m
    ?[32mGiven ?[0m?[32msome other precondition?[0m                    ?[90m# DemoStepDefinitions.some_other_precondition()?[0m
    ?[32mWhen ?[0m?[32msomething happens?[0m                           ?[90m# DemoStepDefinitions.something_happens()?[0m
    ?[32mThen ?[0m?[32ma different outcome should occur?[0m            ?[90m# DemoStepDefinitions.a_different_outcome_should_occur()?[0m

@cucumber
Feature: Add ToDos
  In order to avoid having to remember things that need doing
  As a forgetful person
  I want to be able to record them as soon as I learn about them

  @cucumber @protractor
  Scenario: Adding an item to an empty list             ?[90m# features/record-keeping/add_todos.feature:9?[0m
    ?[32mGiven ?[0m?[32mJames has an empty todo list?[0m                  ?[90m# DemoStepDefinitions.james_has_an_empty_todo_list()?[0m
    ?[32mWhen ?[0m?[32mhe adds ?[0m?[32m?[1m'Buy some milk'?[0m?[32m to his list?[0m            ?[90m# DemoStepDefinitions.he_adds_to_his_list(String)?[0m
    ?[32mThen ?[0m?[32m?[0m?[32m?[1m'Buy some milk'?[0m?[32m should be recorded in his list?[0m ?[90m# DemoStepDefinitions.should_be_recorded_in_his_list(String)?[0m

  @cucumber @protractor
  Scenario: Adding an item to a list with other items ?[90m# features/record-keeping/add_todos.feature:16?[0m
    ?[32mGiven ?[0m?[32mJames has a todo list containing:?[0m           ?[90m# DemoStepDefinitions.james_has_a_todo_list_containing(DataTable)?[0m
    ?[32mWhen ?[0m?[32mhe adds ?[0m?[32m?[1m'Buy some cereal'?[0m?[32m to her list?[0m        ?[90m# DemoStepDefinitions.he_adds_to_her_list(String)?[0m
    ?[32mThen ?[0m?[32mhis todo list should contain:?[0m                ?[90m# DemoStepDefinitions.his_todo_list_should_contain(DataTable)?[0m

?[31mFailed scenarios:?[0m
?[31mfeatures/a_component_or_smaller_capability/a_broken_feature.feature:24 ?[0m# A failing given-when-then scenario
?[31mfeatures/a_component_or_smaller_capability/a_broken_feature.feature:29 ?[0m# A broken given-when-then scenario
?[31mfeatures/a_component_or_smaller_capability/a_broken_feature.feature:50 ?[0m# A broken scenario outline
?[31mfeatures/a_component_or_smaller_capability/a_broken_feature.feature:52 ?[0m# A broken scenario outline
?[31mfeatures/a_component_or_smaller_capability/a_broken_feature.feature:60 ?[0m# A scenario with a broken precondition
?[31mfeatures/a_component_or_smaller_capability/a_broken_feature.feature:63 ?[0m# A scenario with a broken precondition

?[33mUndefined scenarios:?[0m
?[33mfeatures/a_component_or_smaller_capability/a_broken_feature.feature:19 ?[0m# A failing manual scenario
?[33mfeatures/a_component_or_smaller_capability/make_an_online_purchase.feature:20 ?[0m# Invoice details should be downloadable as a PDF file
?[33mfeatures/a_component_or_smaller_capability/make_an_online_purchase.feature:28 ?[0m# Invoice details should be downloadable as an Excel file
?[33mfeatures/a_component_or_smaller_capability/make_an_online_purchase.feature:36 ?[0m# A pending manual scenario

27 Scenarios (?[31m6 failed?[0m, ?[33m4 undefined?[0m, ?[32m17 passed?[0m)
81 Steps (?[31m6 failed?[0m, ?[36m6 skipped?[0m, ?[33m12 undefined?[0m, ?[32m57 passed?[0m)
0m0.582s

java.lang.AssertionError: Excluded lists do not match...
Expected:[...]
Actual: [...]
	at org.junit.Assert.fail(Assert.java:88)
	at org.junit.Assert.assertTrue(Assert.java:41)
	at demo.stepdefinitions.DemoStepDefinitions.something_bad_happens(DemoStepDefinitions.java:28)
	at ✽.something bad happens(features/a_component_or_smaller_capability/a_broken_feature.feature:26)

java.lang.NullPointerException
	at demo.stepdefinitions.DemoStepDefinitions.something_unexpected_happens(DemoStepDefinitions.java:35)
	at ✽.something unexpected happens(features/a_component_or_smaller_capability/a_broken_feature.feature:31)

java.lang.AssertionError: 
Expecting:
 <-10>
to be greater than:
 <0> 
	at demo.stepdefinitions.DemoStepDefinitions.i_should_be_charged(DemoStepDefinitions.java:75)
	at ✽.I should be charged -10(features/a_component_or_smaller_capability/a_broken_feature.feature:46)

java.lang.AssertionError: 
Expecting:
 <-30>
to be greater than:
 <0> 
	at demo.stepdefinitions.DemoStepDefinitions.i_should_be_charged(DemoStepDefinitions.java:75)
	at ✽.I should be charged -30(features/a_component_or_smaller_capability/a_broken_feature.feature:46)

net.serenitybdd.core.exceptions.TestCompromisedException: Unknown colour
	at demo.stepdefinitions.DemoStepDefinitions.i_add_a_paint_to_my_shopping_cart(DemoStepDefinitions.java:65)
	at ✽.I add a Unknown paint to my shopping cart(features/a_component_or_smaller_capability/a_broken_feature.feature:55)

net.serenitybdd.core.exceptions.TestCompromisedException: Unknown colour
	at demo.stepdefinitions.DemoStepDefinitions.i_add_a_paint_to_my_shopping_cart(DemoStepDefinitions.java:65)
	at ✽.I add a unknown paint to my shopping cart(features/a_component_or_smaller_capability/a_broken_feature.feature:55)


You can implement missing steps with the snippets below:

@Given("some pending step")
public void some_pending_step() {
    // Write code here that turns the phrase above into concrete actions
    throw new cucumber.api.PendingException();
}

@When("some other pending step happens")
public void some_other_pending_step_happens() {
    // Write code here that turns the phrase above into concrete actions
    throw new cucumber.api.PendingException();
}

@Then("some pending outcome should occur")
public void some_pending_outcome_should_occur() {
    // Write code here that turns the phrase above into concrete actions
    throw new cucumber.api.PendingException();
}

@Given("Clive has made a purchase")
public void clive_has_made_a_purchase() {
    // Write code here that turns the phrase above into concrete actions
    throw new cucumber.api.PendingException();
}

@When("he reviews his past orders")
public void he_reviews_his_past_orders() {
    // Write code here that turns the phrase above into concrete actions
    throw new cucumber.api.PendingException();
}

@Then("he should be able to download his invoice as an PDF file")
public void he_should_be_able_to_download_his_invoice_as_an_PDF_file() {
    // Write code here that turns the phrase above into concrete actions
    throw new cucumber.api.PendingException();
}

@Then("he should be able to download his invoice as an Excel file")
public void he_should_be_able_to_download_his_invoice_as_an_Excel_file() {
    // Write code here that turns the phrase above into concrete actions
    throw new cucumber.api.PendingException();
}

]]></system-out>
  <system-err><![CDATA[]]></system-err>
</testsuite>
