<?xml version="1.0" encoding="UTF-8"?>
<testsuite name="Make an online purchase" tests="9" skipped="3" failures="0" errors="0" timestamp="2019-06-30T04:58:01" hostname="Andromeda.local" time="0.039">
  <properties/>
  <testcase name="A simple given-when-then scenario" classname="Make an online purchase" time="0.004"/>
  <testcase name="Another given-when-then scenario" classname="Make an online purchase" time="0.004"/>
  <testcase name="Invoice details should be downloadable as a PDF file" classname="Make an online purchase" time="0.004">
    <skipped/>
  </testcase>
  <testcase name="Invoice details should be downloadable as an Excel file" classname="Make an online purchase" time="0.003">
    <skipped/>
  </testcase>
  <testcase name="A pending manual scenario" classname="Make an online purchase" time="0.003">
    <skipped/>
  </testcase>
  <testcase name="A scenario with an embedded table" classname="Make an online purchase" time="0.004"/>
  <testcase name="A scenario outline" classname="Make an online purchase" time="0.003"/>
  <testcase name="A scenario outline" classname="Make an online purchase" time="0.001"/>
  <testcase name="A scenario outline" classname="Make an online purchase" time="0.002"/>
  <system-out><![CDATA[10:28:01.607 [Test worker] INFO  n.t.c.steps.ConsoleLoggingListener - 
 _____ _____ ____ _____   ____ _____  _    ____ _____ _____ ____  
|_   _| ____/ ___|_   _| / ___|_   _|/ \  |  _ \_   _| ____|  _ \ 
  | | |  _| \___ \ | |   \___ \ | | / _ \ | |_) || | |  _| | | | |
  | | | |___ ___) || |    ___) || |/ ___ \|  _ < | | | |___| |_| |
  |_| |_____|____/ |_|   |____/ |_/_/   \_\_| \_\|_| |_____|____/ 
                                                                  

TEST STARTED: A simple given-when-then scenario
-------------------------------------------------------------------(make-an-online-purchase;a-simple-given-when-then-scenario)
10:28:01.612 [Test worker] INFO  n.t.c.steps.ConsoleLoggingListener - 
 _____ _____ ____ _____   ____ _____  _    ____ _____ _____ ____  
|_   _| ____/ ___|_   _| / ___|_   _|/ \  |  _ \_   _| ____|  _ \ 
  | | |  _| \___ \ | |   \___ \ | | / _ \ | |_) || | |  _| | | | |
  | | | |___ ___) || |    ___) || |/ ___ \|  _ < | | | |___| |_| |
  |_| |_____|____/ |_|   |____/ |_/_/   \_\_| \_\|_| |_____|____/ 
                                                                  

TEST STARTED: Another given-when-then scenario
-------------------------------------------------------------------(make-an-online-purchase;another-given-when-then-scenario)
10:28:01.617 [Test worker] INFO  n.t.c.steps.ConsoleLoggingListener - 
 _____ _____ ____ _____   ____ _____  _    ____ _____ _____ ____  
|_   _| ____/ ___|_   _| / ___|_   _|/ \  |  _ \_   _| ____|  _ \ 
  | | |  _| \___ \ | |   \___ \ | | / _ \ | |_) || | |  _| | | | |
  | | | |___ ___) || |    ___) || |/ ___ \|  _ < | | | |___| |_| |
  |_| |_____|____/ |_|   |____/ |_/_/   \_\_| \_\|_| |_____|____/ 
                                                                  

TEST STARTED: Invoice details should be downloadable as a PDF file
-------------------------------------------------------------------(make-an-online-purchase;invoice-details-should-be-downloadable-as-a-pdf-file)
10:28:01.618 [Test worker] INFO  n.t.c.steps.ConsoleLoggingListener - TEST MANUAL
10:28:01.619 [Test worker] INFO  n.t.c.steps.ConsoleLoggingListener - TEST MANUAL
10:28:01.619 [Test worker] INFO  n.t.c.steps.ConsoleLoggingListener - TEST MANUAL
10:28:01.620 [Test worker] INFO  n.t.c.steps.ConsoleLoggingListener - TEST MANUAL
10:28:01.622 [Test worker] INFO  n.t.c.steps.ConsoleLoggingListener - 
 _____ _____ ____ _____   ____ _____  _    ____ _____ _____ ____  
|_   _| ____/ ___|_   _| / ___|_   _|/ \  |  _ \_   _| ____|  _ \ 
  | | |  _| \___ \ | |   \___ \ | | / _ \ | |_) || | |  _| | | | |
  | | | |___ ___) || |    ___) || |/ ___ \|  _ < | | | |___| |_| |
  |_| |_____|____/ |_|   |____/ |_/_/   \_\_| \_\|_| |_____|____/ 
                                                                  

TEST STARTED: Invoice details should be downloadable as an Excel file
-------------------------------------------------------------------(make-an-online-purchase;invoice-details-should-be-downloadable-as-an-excel-file)
10:28:01.623 [Test worker] INFO  n.t.c.steps.ConsoleLoggingListener - TEST MANUAL
10:28:01.624 [Test worker] INFO  n.t.c.steps.ConsoleLoggingListener - TEST MANUAL
10:28:01.624 [Test worker] INFO  n.t.c.steps.ConsoleLoggingListener - TEST MANUAL
10:28:01.625 [Test worker] INFO  n.t.c.steps.ConsoleLoggingListener - TEST MANUAL
10:28:01.627 [Test worker] INFO  n.t.c.steps.ConsoleLoggingListener - 
 _____ _____ ____ _____   ____ _____  _    ____ _____ _____ ____  
|_   _| ____/ ___|_   _| / ___|_   _|/ \  |  _ \_   _| ____|  _ \ 
  | | |  _| \___ \ | |   \___ \ | | / _ \ | |_) || | |  _| | | | |
  | | | |___ ___) || |    ___) || |/ ___ \|  _ < | | | |___| |_| |
  |_| |_____|____/ |_|   |____/ |_/_/   \_\_| \_\|_| |_____|____/ 
                                                                  

TEST STARTED: A pending manual scenario
-------------------------------------------------------------------(make-an-online-purchase;a-pending-manual-scenario)
10:28:01.629 [Test worker] INFO  n.t.c.steps.ConsoleLoggingListener - TEST MANUAL
10:28:01.629 [Test worker] INFO  n.t.c.steps.ConsoleLoggingListener - TEST MANUAL
10:28:01.630 [Test worker] INFO  n.t.c.steps.ConsoleLoggingListener - TEST MANUAL
10:28:01.630 [Test worker] INFO  n.t.c.steps.ConsoleLoggingListener - TEST MANUAL
10:28:01.632 [Test worker] INFO  n.t.c.steps.ConsoleLoggingListener - 
 _____ _____ ____ _____   ____ _____  _    ____ _____ _____ ____  
|_   _| ____/ ___|_   _| / ___|_   _|/ \  |  _ \_   _| ____|  _ \ 
  | | |  _| \___ \ | |   \___ \ | | / _ \ | |_) || | |  _| | | | |
  | | | |___ ___) || |    ___) || |/ ___ \|  _ < | | | |___| |_| |
  |_| |_____|____/ |_|   |____/ |_/_/   \_\_| \_\|_| |_____|____/ 
                                                                  

TEST STARTED: A scenario with an embedded table
-------------------------------------------------------------------(make-an-online-purchase;a-scenario-with-an-embedded-table)
10:28:01.637 [Test worker] INFO  n.t.c.steps.ConsoleLoggingListener - 
 _____ _____ ____ _____   ____ _____  _    ____ _____ _____ ____  
|_   _| ____/ ___|_   _| / ___|_   _|/ \  |  _ \_   _| ____|  _ \ 
  | | |  _| \___ \ | |   \___ \ | | / _ \ | |_) || | |  _| | | | |
  | | | |___ ___) || |    ___) || |/ ___ \|  _ < | | | |___| |_| |
  |_| |_____|____/ |_|   |____/ |_/_/   \_\_| \_\|_| |_____|____/ 
                                                                  

TEST STARTED: A scenario outline
-------------------------------------------------------------------(make-an-online-purchase;a-scenario-outline)
]]></system-out>
  <system-err><![CDATA[]]></system-err>
</testsuite>
