<?xml version="1.0" encoding="UTF-8"?>
<testsuite name="demo.CucumberTestSuite" tests="0" skipped="0" failures="0" errors="0" timestamp="1970-01-01T00:00:00" hostname="Serenity-MacBook-Pro.local" time="0.0">
  <properties/>
  <system-out><![CDATA[09:21:03.474 [Test worker] WARN  i.c.junit.CucumberSerenityRunner - By default Cucumber is running in --non-strict mode.
This default will change to --strict and --non-strict will be removed.
You can use --strict or @CucumberOptions(strict = true) to suppress this warning
Feature from classpath:features/fruit/grow_apples.feature
09:21:04.060 [Test worker] INFO   - 

-------------------------------------------------------------------------------------
     _______. _______ .______       _______ .__   __.  __  .___________.____    ____ 
    /       ||   ____||   _  \     |   ____||  \ |  | |  | |           |\   \  /   / 
   |   (----`|  |__   |  |_)  |    |  |__   |   \|  | |  | `---|  |----` \   \/   /  
    \   \    |   __|  |      /     |   __|  |  . `  | |  |     |  |       \_    _/   
.----)   |   |  |____ |  |\  \----.|  |____ |  |\   | |  |     |  |         |  |     
|_______/    |_______|| _| `._____||_______||__| \__| |__|     |__|         |__|    
                                                                                     
 News and tutorials at http://www.serenity-bdd.info                                  
 Documentation at https://wakaleo.gitbooks.io/the-serenity-book/content/             
 Join the Serenity Community on Gitter: https://gitter.im/serenity-bdd/serenity-core 
 Serenity BDD Support and Training at http://serenity-bdd.info/#/trainingandsupport  
 Learn Serenity BDD online at https://www.serenitydojo.net                           
-------------------------------------------------------------------------------------

09:21:04.063 [Test worker] INFO   - Test Suite Started: Grow Apples
Feature from classpath:features/fruit/grow_bananas.feature
09:21:04.075 [Test worker] INFO   - Test Suite Started: Grow Bananas
Feature from classpath:features/fruit/grow_peaches.feature
09:21:04.078 [Test worker] INFO   - Test Suite Started: Grow Peaches
Feature from classpath:features/fruit/grow_pears.feature
09:21:04.081 [Test worker] INFO   - Test Suite Started: Grow Pears
Feature from classpath:features/vegetables/grow_leeks.feature
09:21:04.083 [Test worker] INFO   - Test Suite Started: Grow Leaks
Feature from classpath:features/vegetables/grow_potatoes.feature
09:21:04.086 [Test worker] INFO   - Test Suite Started: Grow Potatoes
Feature from classpath:features/vegetables/grow_raspberries.feature
09:21:04.088 [Test worker] INFO   - Test Suite Started: Grow Raspberries

5 Scenarios (?[32m5 passed?[0m)
10 Steps (?[32m10 passed?[0m)
0m0.692s


]]></system-out>
  <system-err><![CDATA[Apr 03, 2020 9:21:03 AM io.cucumber.core.options.CucumberPropertiesParser parse
WARNING: Passing commandline options via the property `cucumber.options` has been deprecatedin favour of explicitly using property names.
Please use these instead: [cucumber.ansi-colors.disabled, cucumber.execution.dry-run, cucumber.execution.limit, cucumber.execution.order, cucumber.execution.strict, cucumber.execution.wip, cucumber.features, cucumber.filter.name, cucumber.filter.tags, cucumber.glue, cucumber.object-factory, cucumber.plugin, cucumber.snippet-type]
]]></system-err>
</testsuite>
